02-27 16:59:22 replicate_layout.action_replicate_layout 295:Replicate layout plugin version: 51 started
02-27 16:59:22 replicate_layout.action_replicate_layout 327:Preparing replicator with U19 as a reference
02-27 16:59:22 replicate_layout.replicatelayout 201:getting project hierarchy from schematics
02-27 16:59:22 replicate_layout.replicatelayout 203:Project hierarchy looks like:
{'5E4AE7F8': ['Cell_0_Sheet', '/home/user/Projects/korr_test_boards/hardware/signal_board/concept/cell.sch'], '5EB3B9D9': ['CurrentSource_B_Sheet', '/home/user/Projects/korr_test_boards/hardware/signal_board/concept/current_source.sch'], '5EA7880B': ['CurrentSource_A_Sheet', '/home/user/Projects/korr_test_boards/hardware/signal_board/concept/current_source.sch'], '5E4C520A': ['PowerSheet', '/home/user/Projects/korr_test_boards/hardware/signal_board/concept/power.sch'], '5E8995F4': ['Cell_1_Sheet', '/home/user/Projects/korr_test_boards/hardware/signal_board/concept/cell.sch'], '5E9BE022': ['LedsSheet', '/home/user/Projects/korr_test_boards/hardware/signal_board/concept/leds.sch'], '5E4C7565': ['VFbCsSheet', '/home/user/Projects/korr_test_boards/hardware/signal_board/concept/v_fb_cs_supply.sch'], '5EBA5824': ['Dut_0_Sheet', '/home/user/Projects/korr_test_boards/hardware/signal_board/concept/dut.sch'], '5ECC1C1E': ['Dut_2_Sheet', '/home/user/Projects/korr_test_boards/hardware/signal_board/concept/dut.sch'], '5ECCA0B6': ['Dut_3_Sheet', '/home/user/Projects/korr_test_boards/hardware/signal_board/concept/dut.sch'], '5ECC1B4F': ['Dut_1_Sheet', '/home/user/Projects/korr_test_boards/hardware/signal_board/concept/dut.sch'], '5E56622A': ['PortsSheet', '/home/user/Projects/korr_test_boards/hardware/signal_board/concept/ports.sch'], '63DEFF92': ['CoreSheet', '/home/user/Projects/korr_test_boards/hardware/signal_board/concept/core.sch']}
02-27 16:59:22 replicate_layout.replicatelayout 211:getting a list of all footprints on board
02-27 16:59:22 replicate_layout.action_replicate_layout 352:Pivot footprint is 'U19'
Located on:['Dut_1_Sheet']
With filenames:['dut.sch']
With sheet_id:['Dut_1_Sheet']
02-27 16:59:22 replicate_layout.action_replicate_layout 357:Corresponding footprints are 
[('U16', ['Dut_0_Sheet']), ('U17', ['Dut_2_Sheet']), ('U18', ['Dut_3_Sheet']), ('U19', ['Dut_1_Sheet'])]
02-27 16:59:22 replicate_layout.action_replicate_layout 370:Showing dialog
02-27 16:59:22 replicate_layout.action_replicate_layout 374:Pcbnew position: wx.Point(0, 0)
02-27 16:59:22 replicate_layout.action_replicate_layout 380:Display 0: wx.Rect(0, 0, 1920, 1080)
02-27 16:59:22 replicate_layout.action_replicate_layout 384:Toolbar position: wx.Point(1629, 103)
02-27 16:59:22 replicate_layout.action_replicate_layout 391:Dialog position: wx.Point(1316, 103)
02-27 16:59:23 replicate_layout.replicatelayout 238:construcing a list of sheets suitable for replication on level:'Dut_1_Sheet', file:'dut.sch'
02-27 16:59:23 replicate_layout.replicatelayout 245:Sheet ids up to the level:['Dut_1_Sheet']
02-27 16:59:23 replicate_layout.replicatelayout 249:Footprints on the sheets:
['U16', 'U17', 'U18', 'U19']
02-27 16:59:23 replicate_layout.replicatelayout 252:Footprints raw sheet ids:
['/5EBA5824/5EBA9ED5', '/5ECC1C1E/5EBA9ED5', '/5ECCA0B6/5EBA9ED5', '/5ECC1B4F/5EBA9ED5']
02-27 16:59:23 replicate_layout.replicatelayout 268:All sheets to replicate:
[['Dut_0_Sheet'], ['Dut_2_Sheet'], ['Dut_3_Sheet'], ['Dut_1_Sheet']]
02-27 16:59:23 replicate_layout.replicatelayout 273:All sheets to replicate sorted:
[['Dut_0_Sheet'], ['Dut_1_Sheet'], ['Dut_2_Sheet'], ['Dut_3_Sheet']]
02-27 16:59:23 replicate_layout.replicatelayout 279:All sheets to replicate sorted and without pivot_sheet:
[['Dut_0_Sheet'], ['Dut_2_Sheet'], ['Dut_3_Sheet']]
02-27 16:59:27 replicate_layout.replicatelayout 238:construcing a list of sheets suitable for replication on level:'Dut_1_Sheet', file:'dut.sch'
02-27 16:59:27 replicate_layout.replicatelayout 245:Sheet ids up to the level:['Dut_1_Sheet']
02-27 16:59:27 replicate_layout.replicatelayout 249:Footprints on the sheets:
['U16', 'U17', 'U18', 'U19']
02-27 16:59:27 replicate_layout.replicatelayout 252:Footprints raw sheet ids:
['/5EBA5824/5EBA9ED5', '/5ECC1C1E/5EBA9ED5', '/5ECCA0B6/5EBA9ED5', '/5ECC1B4F/5EBA9ED5']
02-27 16:59:27 replicate_layout.replicatelayout 268:All sheets to replicate:
[['Dut_0_Sheet'], ['Dut_2_Sheet'], ['Dut_3_Sheet'], ['Dut_1_Sheet']]
02-27 16:59:27 replicate_layout.replicatelayout 273:All sheets to replicate sorted:
[['Dut_0_Sheet'], ['Dut_1_Sheet'], ['Dut_2_Sheet'], ['Dut_3_Sheet']]
02-27 16:59:27 replicate_layout.replicatelayout 279:All sheets to replicate sorted and without pivot_sheet:
[['Dut_0_Sheet'], ['Dut_2_Sheet'], ['Dut_3_Sheet']]
02-27 16:59:27 replicate_layout.action_replicate_layout 170:Replicating layout
02-27 16:59:27 replicate_layout.replicatelayout 965:Starting replication of sheets: [['Dut_0_Sheet'], ['Dut_2_Sheet'], ['Dut_3_Sheet']]
on level: ['Dut_1_Sheet']
with tracks=True, zone=True, text=True, containing=False, remov=True
02-27 16:59:27 root 250:updating GUI message: 'Preparing for replication'
02-27 16:59:27 replicate_layout.replicatelayout 542:Getting the list of pivot footprints
02-27 16:59:27 root 255:updating GUI with: 0
02-27 16:59:27 replicate_layout.replicatelayout 546:Getting the list of all the remaining footprints
02-27 16:59:27 root 255:updating GUI with: 12
02-27 16:59:27 replicate_layout.replicatelayout 550:Getting nets local to pivot footprints
02-27 16:59:27 root 255:updating GUI with: 25
02-27 16:59:27 replicate_layout.replicatelayout 554:Getting pivot bounding box
02-27 16:59:27 root 255:updating GUI with: 37
02-27 16:59:27 replicate_layout.replicatelayout 558:Getting pivot tracks
02-27 16:59:27 root 255:updating GUI with: 50
02-27 16:59:27 replicate_layout.replicatelayout 562:Getting pivot zones
02-27 16:59:27 root 255:updating GUI with: 62
02-27 16:59:27 replicate_layout.replicatelayout 566:Getting pivot text items
02-27 16:59:27 root 255:updating GUI with: 75
02-27 16:59:27 replicate_layout.replicatelayout 570:Getting pivot text items
02-27 16:59:27 root 255:updating GUI with: 87
02-27 16:59:27 root 255:updating GUI with: 100
02-27 16:59:27 replicate_layout.replicatelayout 994:Removing tracks and zones, before module placement
02-27 16:59:27 root 250:updating GUI message: 'Removing zones and tracks'
02-27 16:59:28 root 255:updating GUI with: 0
02-27 16:59:28 root 255:updating GUI with: 33
02-27 16:59:28 root 255:updating GUI with: 66
02-27 16:59:28 root 250:updating GUI message: 'Replicating footprints'
02-27 16:59:28 root 255:updating GUI with: 0
02-27 16:59:28 replicate_layout.replicatelayout 576:Replicating footprints
02-27 16:59:28 root 255:updating GUI with: 0
02-27 16:59:28 replicate_layout.replicatelayout 582:Replicating footprints on sheet ['Dut_0_Sheet']
02-27 16:59:28 root 255:updating GUI with: 5
02-27 16:59:28 root 255:updating GUI with: 11
02-27 16:59:28 root 255:updating GUI with: 16
02-27 16:59:28 root 255:updating GUI with: 22
02-27 16:59:28 root 255:updating GUI with: 27
02-27 16:59:28 root 255:updating GUI with: 33
02-27 16:59:28 root 255:updating GUI with: 33
02-27 16:59:28 replicate_layout.replicatelayout 582:Replicating footprints on sheet ['Dut_2_Sheet']
02-27 16:59:28 root 255:updating GUI with: 38
02-27 16:59:28 root 255:updating GUI with: 44
02-27 16:59:28 root 255:updating GUI with: 50
02-27 16:59:28 root 255:updating GUI with: 55
02-27 16:59:28 root 255:updating GUI with: 61
02-27 16:59:28 root 255:updating GUI with: 66
02-27 16:59:28 root 255:updating GUI with: 66
02-27 16:59:28 replicate_layout.replicatelayout 582:Replicating footprints on sheet ['Dut_3_Sheet']
02-27 16:59:28 root 255:updating GUI with: 72
02-27 16:59:28 root 255:updating GUI with: 77
02-27 16:59:28 root 255:updating GUI with: 83
02-27 16:59:28 root 255:updating GUI with: 88
02-27 16:59:28 root 255:updating GUI with: 94
02-27 16:59:28 root 255:updating GUI with: 100
02-27 16:59:28 replicate_layout.replicatelayout 1002:Removing tracks and zones, after module placement
02-27 16:59:28 root 250:updating GUI message: 'Removing zones and tracks'
02-27 16:59:28 root 255:updating GUI with: 0
02-27 16:59:28 root 255:updating GUI with: 33
02-27 16:59:28 root 255:updating GUI with: 66
02-27 16:59:28 root 250:updating GUI message: 'Replicating tracks'
02-27 16:59:28 root 255:updating GUI with: 0
02-27 16:59:28 replicate_layout.replicatelayout 696:Replicating tracks
02-27 16:59:28 root 255:updating GUI with: 0
02-27 16:59:28 replicate_layout.replicatelayout 702:Replicating tracks on sheet ['Dut_0_Sheet']
02-27 16:59:28 root 255:updating GUI with: 1
02-27 16:59:29 root 255:updating GUI with: 2
02-27 16:59:29 root 255:updating GUI with: 3
02-27 16:59:29 root 255:updating GUI with: 4
02-27 16:59:29 root 255:updating GUI with: 5
02-27 16:59:29 root 255:updating GUI with: 6
02-27 16:59:29 root 255:updating GUI with: 8
02-27 16:59:29 root 255:updating GUI with: 9
02-27 16:59:29 root 255:updating GUI with: 10
02-27 16:59:29 root 255:updating GUI with: 11
02-27 16:59:29 root 255:updating GUI with: 12
02-27 16:59:29 root 255:updating GUI with: 13
02-27 16:59:29 root 255:updating GUI with: 14
02-27 16:59:29 root 255:updating GUI with: 16
02-27 16:59:29 root 255:updating GUI with: 17
02-27 16:59:29 root 255:updating GUI with: 18
02-27 16:59:29 root 255:updating GUI with: 19
02-27 16:59:29 root 255:updating GUI with: 20
02-27 16:59:29 root 255:updating GUI with: 21
02-27 16:59:29 root 255:updating GUI with: 22
02-27 16:59:29 root 255:updating GUI with: 24
02-27 16:59:29 root 255:updating GUI with: 25
02-27 16:59:29 root 255:updating GUI with: 26
02-27 16:59:29 root 255:updating GUI with: 27
02-27 16:59:29 root 255:updating GUI with: 28
02-27 16:59:29 root 255:updating GUI with: 29
02-27 16:59:29 root 255:updating GUI with: 31
02-27 16:59:29 root 255:updating GUI with: 32
02-27 16:59:29 root 255:updating GUI with: 33
02-27 16:59:29 root 255:updating GUI with: 33
02-27 16:59:29 replicate_layout.replicatelayout 702:Replicating tracks on sheet ['Dut_2_Sheet']
02-27 16:59:29 root 255:updating GUI with: 34
02-27 16:59:29 root 255:updating GUI with: 35
02-27 16:59:29 root 255:updating GUI with: 36
02-27 16:59:29 root 255:updating GUI with: 37
02-27 16:59:29 root 255:updating GUI with: 39
02-27 16:59:29 root 255:updating GUI with: 40
02-27 16:59:29 root 255:updating GUI with: 41
02-27 16:59:29 root 255:updating GUI with: 42
02-27 16:59:29 root 255:updating GUI with: 43
02-27 16:59:29 root 255:updating GUI with: 44
02-27 16:59:29 root 255:updating GUI with: 45
02-27 16:59:29 root 255:updating GUI with: 47
02-27 16:59:29 root 255:updating GUI with: 48
02-27 16:59:29 root 255:updating GUI with: 49
02-27 16:59:29 root 255:updating GUI with: 50
02-27 16:59:29 root 255:updating GUI with: 51
02-27 16:59:29 root 255:updating GUI with: 52
02-27 16:59:29 root 255:updating GUI with: 54
02-27 16:59:30 root 255:updating GUI with: 55
02-27 16:59:30 root 255:updating GUI with: 56
02-27 16:59:30 root 255:updating GUI with: 57
02-27 16:59:30 root 255:updating GUI with: 58
02-27 16:59:30 root 255:updating GUI with: 59
02-27 16:59:30 root 255:updating GUI with: 60
02-27 16:59:30 root 255:updating GUI with: 62
02-27 16:59:30 root 255:updating GUI with: 63
02-27 16:59:30 root 255:updating GUI with: 64
02-27 16:59:30 root 255:updating GUI with: 65
02-27 16:59:30 root 255:updating GUI with: 66
02-27 16:59:30 root 255:updating GUI with: 66
02-27 16:59:30 replicate_layout.replicatelayout 702:Replicating tracks on sheet ['Dut_3_Sheet']
02-27 16:59:30 root 255:updating GUI with: 67
02-27 16:59:30 root 255:updating GUI with: 68
02-27 16:59:30 root 255:updating GUI with: 70
02-27 16:59:30 root 255:updating GUI with: 71
02-27 16:59:30 root 255:updating GUI with: 72
02-27 16:59:30 root 255:updating GUI with: 73
02-27 16:59:30 root 255:updating GUI with: 74
02-27 16:59:30 root 255:updating GUI with: 75
02-27 16:59:30 root 255:updating GUI with: 77
02-27 16:59:30 root 255:updating GUI with: 78
02-27 16:59:30 root 255:updating GUI with: 79
02-27 16:59:30 root 255:updating GUI with: 80
02-27 16:59:30 root 255:updating GUI with: 81
02-27 16:59:30 root 255:updating GUI with: 82
02-27 16:59:30 root 255:updating GUI with: 83
02-27 16:59:30 root 255:updating GUI with: 85
02-27 16:59:30 root 255:updating GUI with: 86
02-27 16:59:30 root 255:updating GUI with: 87
02-27 16:59:30 root 255:updating GUI with: 88
02-27 16:59:30 root 255:updating GUI with: 89
02-27 16:59:30 root 255:updating GUI with: 90
02-27 16:59:30 root 255:updating GUI with: 91
02-27 16:59:30 root 255:updating GUI with: 93
02-27 16:59:30 root 255:updating GUI with: 94
02-27 16:59:30 root 255:updating GUI with: 95
02-27 16:59:30 root 255:updating GUI with: 96
02-27 16:59:30 root 255:updating GUI with: 97
02-27 16:59:30 root 255:updating GUI with: 98
02-27 16:59:30 root 255:updating GUI with: 99
02-27 16:59:30 root 250:updating GUI message: 'Replicating zones'
02-27 16:59:30 root 255:updating GUI with: 0
02-27 16:59:30 replicate_layout.replicatelayout 747:Replicating zones
02-27 16:59:30 root 255:updating GUI with: 0
02-27 16:59:30 replicate_layout.replicatelayout 754:Replicating zones on sheet ['Dut_0_Sheet']
02-27 16:59:30 root 255:updating GUI with: 33
02-27 16:59:30 replicate_layout.replicatelayout 754:Replicating zones on sheet ['Dut_2_Sheet']
02-27 16:59:30 root 255:updating GUI with: 66
02-27 16:59:30 replicate_layout.replicatelayout 754:Replicating zones on sheet ['Dut_3_Sheet']
02-27 16:59:30 root 250:updating GUI message: 'Replicating text'
02-27 16:59:30 root 255:updating GUI with: 0
02-27 16:59:30 replicate_layout.replicatelayout 813:Replicating text
02-27 16:59:30 root 255:updating GUI with: 0
02-27 16:59:30 replicate_layout.replicatelayout 820:Replicating text on sheet ['Dut_0_Sheet']
02-27 16:59:30 root 255:updating GUI with: 33
02-27 16:59:30 replicate_layout.replicatelayout 820:Replicating text on sheet ['Dut_2_Sheet']
02-27 16:59:30 root 255:updating GUI with: 66
02-27 16:59:31 replicate_layout.replicatelayout 820:Replicating text on sheet ['Dut_3_Sheet']
02-27 16:59:31 root 250:updating GUI message: 'Replicating drawings'
02-27 16:59:31 root 255:updating GUI with: 0
02-27 16:59:31 replicate_layout.replicatelayout 843:Replicating drawings
02-27 16:59:31 root 255:updating GUI with: 0
02-27 16:59:31 replicate_layout.replicatelayout 849:Replicating drawings on sheet ['Dut_0_Sheet']
02-27 16:59:31 root 255:updating GUI with: 33
02-27 16:59:31 replicate_layout.replicatelayout 849:Replicating drawings on sheet ['Dut_2_Sheet']
02-27 16:59:31 root 255:updating GUI with: 66
02-27 16:59:31 replicate_layout.replicatelayout 849:Replicating drawings on sheet ['Dut_3_Sheet']
02-27 16:59:31 root 250:updating GUI message: 'Removing duplicates'
02-27 16:59:31 root 255:updating GUI with: 0
02-27 16:59:31 replicate_layout.action_replicate_layout 190:Replication complete
